root@beaglebone:/usr/src/kernel#                     
root@beaglebone:/usr/src/kernel# hwclock --set --date="2019-05-24 17:28:05" --localtime
root@beaglebone:/usr/src/kernel# hwclock --hctosys
root@beaglebone:/usr/src/kernel# make scripts prepare
  HOSTCC  scripts/basic/fixdep
  HOSTCC  scripts/kconfig/conf.o
  HOSTCC  scripts/kconfig/confdata.o
  HOSTCC  scripts/kconfig/expr.o
  HOSTCC  scripts/kconfig/symbol.o
  HOSTCC  scripts/kconfig/preprocess.o
  LEX     scripts/kconfig/zconf.lex.c
  YACC    scripts/kconfig/zconf.tab.h
  HOSTCC  scripts/kconfig/zconf.lex.o
  YACC    scripts/kconfig/zconf.tab.c
  HOSTCC  scripts/kconfig/zconf.tab.o
  HOSTLD  scripts/kconfig/conf
scripts/kconfig/conf  --syncconfig Kconfig
  HOSTCC  scripts/dtc/dtc.o
  HOSTCC  scripts/dtc/flattree.o
  HOSTCC  scripts/dtc/fstree.o
  HOSTCC  scripts/dtc/data.o
  HOSTCC  scripts/dtc/livetree.o
  HOSTCC  scripts/dtc/treesource.o
  HOSTCC  scripts/dtc/srcpos.o
  HOSTCC  scripts/dtc/checks.o
  HOSTCC  scripts/dtc/util.o
  LEX     scripts/dtc/dtc-lexer.lex.c
  YACC    scripts/dtc/dtc-parser.tab.h
  HOSTCC  scripts/dtc/dtc-lexer.lex.o
  YACC    scripts/dtc/dtc-parser.tab.c
  HOSTCC  scripts/dtc/dtc-parser.tab.o
  HOSTLD  scripts/dtc/dtc
  HOSTCC  scripts/genksyms/genksyms.o
  YACC    scripts/genksyms/parse.tab.c
  HOSTCC  scripts/genksyms/parse.tab.o
  LEX     scripts/genksyms/lex.lex.c
  YACC    scripts/genksyms/parse.tab.h
  HOSTCC  scripts/genksyms/lex.lex.o
  HOSTLD  scripts/genksyms/genksyms
  HOSTCC  scripts/bin2c
  HOSTCC  scripts/kallsyms
  HOSTCC  scripts/conmakehash
  HOSTCC  scripts/sortextable
  HOSTCC  scripts/asn1_compiler
  HOSTCC  scripts/extract-cert
  SYSHDR  arch/arm/include/generated/uapi/asm/unistd-common.h
  SYSHDR  arch/arm/include/generated/uapi/asm/unistd-oabi.h
  SYSHDR  arch/arm/include/generated/uapi/asm/unistd-eabi.h
  WRAP    arch/arm/include/generated/uapi/asm/bitsperlong.h
  WRAP    arch/arm/include/generated/uapi/asm/bpf_perf_event.h
  WRAP    arch/arm/include/generated/uapi/asm/errno.h
  WRAP    arch/arm/include/generated/uapi/asm/ioctl.h
  WRAP    arch/arm/include/generated/uapi/asm/ipcbuf.h
  WRAP    arch/arm/include/generated/uapi/asm/msgbuf.h
  WRAP    arch/arm/include/generated/uapi/asm/param.h
  WRAP    arch/arm/include/generated/uapi/asm/poll.h
  WRAP    arch/arm/include/generated/uapi/asm/resource.h
  WRAP    arch/arm/include/generated/uapi/asm/sembuf.h
  WRAP    arch/arm/include/generated/uapi/asm/shmbuf.h
  WRAP    arch/arm/include/generated/uapi/asm/siginfo.h
  WRAP    arch/arm/include/generated/uapi/asm/socket.h
  WRAP    arch/arm/include/generated/uapi/asm/sockios.h
  WRAP    arch/arm/include/generated/uapi/asm/termbits.h
  WRAP    arch/arm/include/generated/uapi/asm/termios.h
  WRAP    arch/arm/include/generated/asm/compat.h
  WRAP    arch/arm/include/generated/asm/current.h
  WRAP    arch/arm/include/generated/asm/early_ioremap.h
  WRAP    arch/arm/include/generated/asm/emergency-restart.h
  WRAP    arch/arm/include/generated/asm/exec.h
  WRAP    arch/arm/include/generated/asm/extable.h
  WRAP    arch/arm/include/generated/asm/irq_regs.h
  WRAP    arch/arm/include/generated/asm/kdebug.h
  WRAP    arch/arm/include/generated/asm/local.h
  WRAP    arch/arm/include/generated/asm/local64.h
  WRAP    arch/arm/include/generated/asm/mm-arch-hooks.h
  WRAP    arch/arm/include/generated/asm/msi.h
  WRAP    arch/arm/include/generated/asm/parport.h
  WRAP    arch/arm/include/generated/asm/preempt.h
  WRAP    arch/arm/include/generated/asm/rwsem.h
  WRAP    arch/arm/include/generated/asm/seccomp.h
  WRAP    arch/arm/include/generated/asm/segment.h
  WRAP    arch/arm/include/generated/asm/serial.h
  WRAP    arch/arm/include/generated/asm/simd.h
  WRAP    arch/arm/include/generated/asm/sizes.h
  WRAP    arch/arm/include/generated/asm/timex.h
  WRAP    arch/arm/include/generated/asm/trace_clock.h
  SYSNR   arch/arm/include/generated/asm/unistd-nr.h
  GEN     arch/arm/include/generated/asm/mach-types.h
  SYSTBL  arch/arm/include/generated/calls-oabi.S
  SYSTBL  arch/arm/include/generated/calls-eabi.S
  CC      scripts/mod/empty.o
  HOSTCC  scripts/mod/mk_elfconfig
  MKELF   scripts/mod/elfconfig.h
  HOSTCC  scripts/mod/modpost.o
  CC      scripts/mod/devicetable-offsets.s
  UPD     scripts/mod/devicetable-offsets.h
  HOSTCC  scripts/mod/file2alias.o
  HOSTCC  scripts/mod/sumversion.o
  HOSTLD  scripts/mod/modpost
root@beaglebone:/usr/src/kernel# cd /home/root/
root@beaglebone:~# vi Makefile
root@beaglebone:~# vi p15_test.c
root@beaglebone:~# make all
make -C /lib/modules/5.0.15-jumpnow/build M=/home/root modules
make[1]: Entering directory '/lib/modules/5.0.15-jumpnow/build'
  CC [M]  /home/root/p15_test.o
  Building modules, stage 2.
  MODPOST 1 modules
  CC      /home/root/p15_test.mod.o
  LD [M]  /home/root/p15_test.ko
make[1]: Leaving directory '/lib/modules/5.0.15-jumpnow/build'
root@beaglebone:~# ls -al
drwx------    3 root     root             0 May 24 17:33 .
drwxr-xr-x    3 root     root             0 May 23 13:03 ..
-rw-r--r--    1 root     root           167 May 24 17:33 .p15_test.ko.cmd
-rw-r--r--    1 root     root         22695 May 24 17:33 .p15_test.mod.o.cmd
-rw-r--r--    1 root     root         22482 May 24 17:33 .p15_test.o.cmd
drwxr-xr-x    2 root     root             0 May 24 17:33 .tmp_versions
-rw-r--r--    1 root     root           159 May 24 17:32 Makefile
-rw-r--r--    1 root     root             0 May 24 17:33 Module.symvers
-rw-r--r--    1 root     root            30 May 24 17:33 modules.order
-rw-r--r--    1 root     root          1160 May 24 17:32 p15_test.c
-rw-r--r--    1 root     root         64220 May 24 17:33 p15_test.ko
-rw-r--r--    1 root     root           855 May 24 17:33 p15_test.mod.c
-rw-r--r--    1 root     root         32360 May 24 17:33 p15_test.mod.o
-rw-r--r--    1 root     root         32972 May 24 17:33 p15_test.o
root@beaglebone:~#
